timestamp: 2021-05-10T12:36:17.347017
CREATE TABLE "py4web_session"(
    "id" INTEGER PRIMARY KEY AUTOINCREMENT,
    "rkey" CHAR(512),
    "rvalue" TEXT,
    "expiration" INTEGER,
    "created_on" TIMESTAMP,
    "expires_on" TIMESTAMP
);
success!
timestamp: 2021-05-10T12:36:17.356444
CREATE TABLE "auth_user"(
    "id" INTEGER PRIMARY KEY AUTOINCREMENT,
    "email" CHAR(512) UNIQUE,
    "password" CHAR(512),
    "first_name" CHAR(512),
    "last_name" CHAR(512),
    "sso_id" CHAR(512),
    "action_token" CHAR(512),
    "last_password_change" TIMESTAMP,
    "past_passwords_hash" TEXT
);
success!
timestamp: 2021-05-10T12:36:17.360013
CREATE TABLE "auth_user_tag_groups"(
    "id" INTEGER PRIMARY KEY AUTOINCREMENT,
    "path" CHAR(512),
    "record_id" INTEGER REFERENCES "auth_user" ("id") ON DELETE CASCADE  
);
success!
timestamp: 2021-05-11T08:30:05.288180
CREATE TABLE "post"(
    "id" INTEGER PRIMARY KEY AUTOINCREMENT,
    "content" CHAR(512)
);
success!
timestamp: 2021-05-13T10:23:19.880072
ALTER TABLE "post" ADD "name" CHAR(512);
success!
timestamp: 2021-05-13T11:04:03.511514
ALTER TABLE "post" ADD "email" CHAR(512);
success!
timestamp: 2021-05-14T10:26:41.698304
ALTER TABLE "post" ADD "dislikes" CHAR(512);
timestamp: 2021-05-14T10:26:41.702072
ALTER TABLE "post" ADD "likes" CHAR(512);
success!
success!
timestamp: 2021-05-14T11:55:13.826260
ALTER TABLE "post" ADD "thumbsup" CHAR(1);
timestamp: 2021-05-14T11:55:13.829059
ALTER TABLE "post" ADD "thumbsdown" CHAR(1);
success!
success!
success!
success!
success!
success!
success!
success!
success!
success!
success!
success!
success!
success!
success!
success!
success!
success!
success!
success!
success!
success!
success!
success!
success!
success!
success!
success!
success!
success!
success!
success!
success!
success!
success!
success!
success!
success!
success!
success!
timestamp: 2021-05-25T08:54:36.305841
ALTER TABLE "post" ADD "comment_content" TEXT;
timestamp: 2021-05-25T08:54:36.308898
ALTER TABLE "post" ADD "comment_name" TEXT;
timestamp: 2021-05-25T08:54:36.311201
ALTER TABLE "post" ADD "comment_email" TEXT;
success!
success!
success!
success!
success!
success!
success!
success!
success!
success!
success!
success!
success!
success!
success!
success!
success!
success!
success!
success!
success!
